Plata pe zi: 25
Nr de pitici: 5 si nr de rafturi: 4

Stocurile fiecarui pitic inainte de comanda:

Piticul 1: 0 1 2 0 
Piticul 2: 1 1 0 2 
Piticul 3: 3 3 0 1 
Piticul 4: 4 0 0 0 
Piticul 5: 0 0 1 0 

Pretul fiecarui produs: 12 13 14 15

Comenzile fiecarui pitici:

Piticul 1: 1 4 2 3 
Piticul 2: 2 1 3 2 
Piticul 3: 1 5 1 1 
Piticul 4: 2 2 3 1 
Piticul 5: 3 3 1 0 

Stocurile piticilor dupa sosirea starostelui cu comanda:

Piticul 1: 1 5 4 3 
Piticul 2: 3 2 3 4 
Piticul 3: 4 8 1 2 
Piticul 4: 6 2 3 1 
Piticul 5: 3 3 2 0 

Cat trebuie sa plateasca fiecare pitic in parte:

Piticul 1: 137.00

Piticul 2: 109.00

Piticul 3: 106.00

Piticul 4: 107.00

Piticul 5: 89.00

Cat trebuie sa munceasca fiecare pitic pentru a plati comanda:
Cat trebuie sa munceasca fiecare pitic:

Piticul 0 trebuie sa munceasca teoretic 5.48 zile, practic 6 zile
Piticul 1 trebuie sa munceasca teoretic 4.36 zile, practic 5 zile
Piticul 2 trebuie sa munceasca teoretic 4.24 zile, practic 5 zile
Piticul 3 trebuie sa munceasca teoretic 4.28 zile, practic 5 zile
Piticul 4 trebuie sa munceasca teoretic 3.56 zile, practic 4 zile
